mode: set
gitea-cicd.apps.aws2-dev.ocp.14west.io/cicd/golang-redisapi/pkg/validator/validate.go:14.59,18.27 4 1
gitea-cicd.apps.aws2-dev.ocp.14west.io/cicd/golang-redisapi/pkg/validator/validate.go:26.2,26.12 1 1
gitea-cicd.apps.aws2-dev.ocp.14west.io/cicd/golang-redisapi/pkg/validator/validate.go:18.27,19.15 1 1
gitea-cicd.apps.aws2-dev.ocp.14west.io/cicd/golang-redisapi/pkg/validator/validate.go:19.15,22.4 2 1
gitea-cicd.apps.aws2-dev.ocp.14west.io/cicd/golang-redisapi/pkg/validator/validate.go:22.9,24.4 1 1
gitea-cicd.apps.aws2-dev.ocp.14west.io/cicd/golang-redisapi/pkg/validator/validate.go:32.50,42.26 2 1
gitea-cicd.apps.aws2-dev.ocp.14west.io/cicd/golang-redisapi/pkg/validator/validate.go:47.2,47.12 1 1
gitea-cicd.apps.aws2-dev.ocp.14west.io/cicd/golang-redisapi/pkg/validator/validate.go:42.26,43.54 1 1
gitea-cicd.apps.aws2-dev.ocp.14west.io/cicd/golang-redisapi/pkg/validator/validate.go:43.54,45.4 1 1
gitea-cicd.apps.aws2-dev.ocp.14west.io/cicd/golang-redisapi/pkg/handlers/handlers.go:21.109,28.14 5 1
gitea-cicd.apps.aws2-dev.ocp.14west.io/cicd/golang-redisapi/pkg/handlers/handlers.go:32.2,32.32 1 1
gitea-cicd.apps.aws2-dev.ocp.14west.io/cicd/golang-redisapi/pkg/handlers/handlers.go:44.2,48.27 5 1
gitea-cicd.apps.aws2-dev.ocp.14west.io/cicd/golang-redisapi/pkg/handlers/handlers.go:28.14,30.3 1 1
gitea-cicd.apps.aws2-dev.ocp.14west.io/cicd/golang-redisapi/pkg/handlers/handlers.go:32.32,34.3 1 1
gitea-cicd.apps.aws2-dev.ocp.14west.io/cicd/golang-redisapi/pkg/handlers/handlers.go:34.8,34.40 1 1
gitea-cicd.apps.aws2-dev.ocp.14west.io/cicd/golang-redisapi/pkg/handlers/handlers.go:34.40,36.17 2 1
gitea-cicd.apps.aws2-dev.ocp.14west.io/cicd/golang-redisapi/pkg/handlers/handlers.go:36.17,39.4 2 1
gitea-cicd.apps.aws2-dev.ocp.14west.io/cicd/golang-redisapi/pkg/handlers/handlers.go:39.9,42.4 2 1
gitea-cicd.apps.aws2-dev.ocp.14west.io/cicd/golang-redisapi/pkg/handlers/handlers.go:51.108,58.14 5 1
gitea-cicd.apps.aws2-dev.ocp.14west.io/cicd/golang-redisapi/pkg/handlers/handlers.go:62.2,62.32 1 1
gitea-cicd.apps.aws2-dev.ocp.14west.io/cicd/golang-redisapi/pkg/handlers/handlers.go:74.2,78.27 5 1
gitea-cicd.apps.aws2-dev.ocp.14west.io/cicd/golang-redisapi/pkg/handlers/handlers.go:58.14,60.3 1 1
gitea-cicd.apps.aws2-dev.ocp.14west.io/cicd/golang-redisapi/pkg/handlers/handlers.go:62.32,64.3 1 1
gitea-cicd.apps.aws2-dev.ocp.14west.io/cicd/golang-redisapi/pkg/handlers/handlers.go:64.8,64.40 1 1
gitea-cicd.apps.aws2-dev.ocp.14west.io/cicd/golang-redisapi/pkg/handlers/handlers.go:64.40,66.17 2 1
gitea-cicd.apps.aws2-dev.ocp.14west.io/cicd/golang-redisapi/pkg/handlers/handlers.go:66.17,69.4 2 1
gitea-cicd.apps.aws2-dev.ocp.14west.io/cicd/golang-redisapi/pkg/handlers/handlers.go:69.9,72.4 2 1
gitea-cicd.apps.aws2-dev.ocp.14west.io/cicd/golang-redisapi/pkg/handlers/handlers.go:81.108,85.16 3 1
gitea-cicd.apps.aws2-dev.ocp.14west.io/cicd/golang-redisapi/pkg/handlers/handlers.go:89.2,92.42 4 1
gitea-cicd.apps.aws2-dev.ocp.14west.io/cicd/golang-redisapi/pkg/handlers/handlers.go:106.2,108.27 3 1
gitea-cicd.apps.aws2-dev.ocp.14west.io/cicd/golang-redisapi/pkg/handlers/handlers.go:85.16,88.3 2 1
gitea-cicd.apps.aws2-dev.ocp.14west.io/cicd/golang-redisapi/pkg/handlers/handlers.go:92.42,96.3 3 1
gitea-cicd.apps.aws2-dev.ocp.14west.io/cicd/golang-redisapi/pkg/handlers/handlers.go:96.8,98.17 2 1
gitea-cicd.apps.aws2-dev.ocp.14west.io/cicd/golang-redisapi/pkg/handlers/handlers.go:98.17,101.4 2 0
gitea-cicd.apps.aws2-dev.ocp.14west.io/cicd/golang-redisapi/pkg/handlers/handlers.go:101.9,104.4 2 1
gitea-cicd.apps.aws2-dev.ocp.14west.io/cicd/golang-redisapi/pkg/handlers/handlers.go:111.54,113.2 1 1
gitea-cicd.apps.aws2-dev.ocp.14west.io/cicd/golang-redisapi/pkg/handlers/handlers.go:116.57,122.2 4 1
